/BATCH  
/COM,ANSYS RELEASE 2021 R2           BUILD 21.2      UP20210601       15:52:18
/input,menust,tmp,''
/GRA,POWER
/GST,ON
/PLO,INFO,3
/GRO,CURL,ON
/CPLANE,1   
/REPLOT,RESIZE  
WPSTYLE,,,,,,,,0
/CLEAR,NOSTART  
/COM,ANSYS RELEASE 2021 R2           BUILD 21.2      UP20210601       15:52:57
!/NERR,100000   
*SET,bool_check_real_shape , 0 ! Display the model in define thickness  
! PREP setting  
*SET,bool_inner , 1 
*SET,bool_stair , 1      ! Both bool_inner = 1 and bool_stair = 1, then stair will be built 
*SET,bool_SSI   , 1      ! MATRIX27 soil-structure interection  
*SET,elem_size  , 0.4    ![m]   
! SOLU setting  
*SET,Solu_type , 2       ! Solu_type: if 2 = Modal, 3 = Harmonic, 4 = transient, 5 = Hammer_testing_Full, 6 = Hammer_testing_MSUP   
*SET,Star_Freq , 0.001   ! [Hz] 
*SET,End_Freq  , 50      ! [Hz] 
*SET,Freq_Incr , 0.5     ! [Hz]  Only use for calculate num of step, however, the final num of step might be different due to auto-process  
*SET,N_modes   , 40      ! Only use for Solu_typ = 2 and 6, if Solu_typ = 6, using small number of N_modes might lead to ROM due to less number of modal detected.  
*SET,Damping_ratio , 0.02   
! POST setting  
*SET,bool_write_result_csv , 1 ! if bool_write_result_csv = 1, The POST26 results will be written as csv and save in designated folder. 
! PREP ---------------------------------------------------- 
/PREP7  
/input,'PREP\BuildPara_Var','mac'   
/input,'PREP\BuildGeo_TK','mac' 
/input,'PREP\MeasurePoint_SEL','mac'
/RGB,INDEX,100,100,100, 0   
/RGB,INDEX, 80, 80, 80,13   
/RGB,INDEX, 60, 60, 60,14   
/RGB,INDEX, 0, 0, 0,15  
/REPLOT 
APLOT   
/USER,  1   
/VIEW,  1, -0.471455777187E-01, -0.808409157586    ,  0.586729859844
/ANG,   1,   2.25943547961  
/REPLO  
/VIEW,  1,  0.846850887577E-01, -0.987616809381    ,  0.132066171179
/ANG,   1,  -33.1315082373  
/REPLO  
/VIEW,  1,  0.736896556047    , -0.672938767243    ,  0.643185916153E-01
/ANG,   1,  -83.2782920241  
/REPLO  
/VIEW,  1,  0.415484223625    , -0.884462779165    ,  0.212363961611
/ANG,   1,  -66.0748162930  
/REPLO  
/VIEW,  1,  0.927121987811    , -0.369761561722    , -0.610016982510E-01
/ANG,   1,  -91.1395659230  
/REPLO  
/VIEW,  1,  0.891031401247    , -0.432498403665    ,  0.137870130264
/ANG,   1,  -85.9869555641  
/REPLO  
/VIEW,  1,  0.848094423364    , -0.498686378228    ,  0.179018840431
/ANG,   1,  -84.5114699227  
/REPLO  
/DIST, 1 ,0.924021,1
/REP,FAST   
/DIST,  1,   10.1729801548  
/ANG,   1,  -83.9114699227  
/REPLO  
/DIST,  1,   10.1729801548  
/ANG,   1,  -83.9114699227  
/LIG,   1,1, 1.000,   0.00000000000    ,   0.00000000000    ,   0.00000000000    ,   0.00000000000  
/REPLO  
/ZOOM,1,RECT,-0.0905008,-0.0842593 ,0.0553690095532 ,-0.0712962930585   
/DIST, 1 ,1.082226,1
/REP,FAST   
/DIST, 1 ,1.082226,1
/REP,FAST   
/DIST, 1 ,1.082226,1
/REP,FAST   
/DIST, 1 ,1.082226,1
/REP,FAST   
/DIST, 1 ,1.082226,1
/REP,FAST   
/DIST, 1 ,1.082226,1
/REP,FAST   
/DIST, 1 ,1.082226,1
/REP,FAST   
/DIST, 1 ,1.082226,1
/REP,FAST   
/DIST, 1 ,1.082226,1
/REP,FAST   
/DIST, 1 ,1.082226,1
/REP,FAST   
/DIST, 1 ,1.082226,1
/REP,FAST   
/DIST, 1 ,1.082226,1
/REP,FAST   
/DIST, 1 ,1.082226,1
/REP,FAST   
/DIST, 1 ,1.082226,1
/REP,FAST   
/DIST, 1 ,1.082226,1
/REP,FAST   
/DIST, 1 ,1.082226,1
/REP,FAST   
/DIST, 1 ,1.082226,1
/REP,FAST   
/DIST, 1 ,1.082226,1
/REP,FAST   
/DIST, 1 ,1.082226,1
/REP,FAST   
/DIST, 1 ,1.082226,1
/REP,FAST   
/DIST, 1 ,1.082226,1
/REP,FAST   
/DIST, 1 ,1.082226,1
/REP,FAST   
/DIST, 1 ,1.082226,1
/REP,FAST   
/DIST, 1 ,1.082226,1
/REP,FAST   
/DIST, 1 ,1.082226,1
/REP,FAST   
/DIST, 1 ,1.082226,1
/REP,FAST   
/DIST, 1 ,1.082226,1
/REP,FAST   
/DIST, 1 ,1.082226,1
/REP,FAST   
/DIST, 1 ,1.082226,1
/REP,FAST   
/DIST, 1 ,1.082226,1
/REP,FAST   
/DIST, 1 ,1.082226,1
/REP,FAST   
/DIST, 1 ,1.082226,1
/REP,FAST   
/DIST, 1 ,1.082226,1
/REP,FAST   
/DIST, 1 ,1.082226,1
/REP,FAST   
/DIST, 1 ,1.082226,1
/REP,FAST   
/DIST, 1 ,1.082226,1
/REP,FAST   
/DIST, 1 ,1.082226,1
/REP,FAST   
/FOC,   1,   11.2953644755    ,   4.51478456832    ,   5.58961667709
/REPLO  
/DIST, 1 ,0.924021,1
/REP,FAST   
/DIST, 1 ,0.924021,1
/REP,FAST   
/DIST,  1,   9.33293250141  
/ANG,   1,  -84.2114699227  
/REPLO  
/DIST, 1 ,0.924021,1
/REP,FAST   
/DIST,  1,   8.71975944456  
/ANG,   1,  -83.9114699227  
/REPLO  
/FOC,   1,   11.5112345209    ,   4.96481276970    ,   5.82056863753
/REPLO  
/DIST, 1 ,0.924021,1
/REP,FAST   
/FOC,   1,   11.5123523107    ,   4.99231291526    ,   5.89187932564
/REPLO  
/FOC,   1,   11.3853284703    ,   4.81481199261    ,   5.99919159720
/REPLO  
/FOC,   1,   11.3908981718    ,   4.81147864083    ,   5.96351976556
/REPLO  
/FOC,   1,   11.2785469864    ,   4.66745011570    ,   6.09456379544
/REPLO  
/FOC,   1,   11.2326724544    ,   4.56814404040    ,   6.03525913101
/REPLO  
/VIEW,  1, -0.471489353922    ,  0.847638993151    ,  0.243322679642
/ANG,   1,   114.486423407  
/REPLO  
/FOC,   1,   7.33025412862    ,   2.91316982282    ,   4.23876397357
/REPLO  
/FOC,   1,   7.09954846202    ,   2.83632301619    ,   4.05942633043
/REPLO  
/VIEW,  1, -0.432321035063    ,  0.874903567959    ,  0.218271091566
/ANG,   1,   114.028401086  
/REPLO  
/VIEW,  1, -0.701060503049    ,  0.691325957555    ,  0.174878790809
/ANG,   1,   101.841199948  
/REPLO  
/VIEW,  1, -0.683118374711    ,  0.710027959089    ,  0.170908114035
/ANG,   1,   100.996496042  
/REPLO  
/VIEW,  1, -0.652818802771    ,  0.722469562615    ,  0.227739636083
/ANG,   1,   104.713514170  
/REPLO  
/VIEW,  1, -0.624387186761    ,  0.762049363556    ,  0.171526699122
/ANG,   1,   101.802080535  
/REPLO  
/FOC,   1,   6.98699268663    ,   2.68780403598    ,   4.30953555901
/REPLO  
/FOC,   1,   7.07376016008    ,   2.75354625133    ,   4.33330844863
/REPLO  
/VIEW,  1, -0.344746794502    ,  0.920675487632    ,  0.183047245689
/ANG,   1,   115.690033508  
/REPLO  
/VIEW,  1, -0.422219879005    ,  0.888889676853    ,  0.177779403071
/ANG,   1,   110.958964981  
/REPLO  
/VIEW,  1, -0.383252955020    ,  0.904259495380    ,  0.188233730991
/ANG,   1,   113.947999755  
/REPLO  
/FOC,   1,   7.06577175617    ,   2.77239827453    ,   4.22648009068
/REPLO  
/FOC,   1,   7.83754338278    ,   3.05749178891    ,   4.42827834889
/REPLO  
/FOC,   1,   8.01067182536    ,   3.11357238910    ,   4.51136957759
/REPLO  
/FOC,   1,   7.89987147642    ,   3.09626244910    ,   4.36893026347
/REPLO  
/FOC,   1,   7.89761979813    ,   3.07059953766    ,   4.48762827192
/REPLO  
/FOC,   1,   7.82464049927    ,   3.05696490841    ,   4.40453854673
/REPLO  
/FOC,   1,   7.76101368218    ,   3.05223583665    ,   4.29770935349
/REPLO  
/VIEW,  1, -0.901937192177    , -0.410441478249    , -0.134339474096
/ANG,   1,   89.8028711726  
/REPLO  
/VIEW,  1,  0.517541498542    , -0.853744636333    ,  0.571917233476E-01
/ANG,   1,  -88.7750695771  
/REPLO  
/VIEW,  1,  0.753456145424    , -0.655138376836    ,  0.556555848038E-01
/ANG,   1,  -90.2566054281  
/REPLO  
/VIEW,  1,  0.842634242770    , -0.518149131075    ,  0.146591305599
/ANG,   1,  -86.9701796023  
/REPLO  
/VIEW,  1,  0.906655489108    , -0.413670906380    ,  0.827780483326E-01
/ANG,   1,  -89.3672805795  
/REPLO  
/VIEW,  1,  0.904047637033    , -0.427413592425    ,  0.393585881168E-02
/ANG,   1,  -91.4644775519  
/REPLO  
/VIEW,  1,  0.909420188553    , -0.350526518830    ,  0.223799196266
/ANG,   1,  -86.1426903190  
/REPLO  
/FOC,   1,   8.81408595608    ,   6.35879999781    ,   5.19741427721
/REPLO  
/VIEW,  1,  0.924538340751    , -0.301095185756    ,  0.233603393803
/ANG,   1,  -85.8482972737  
/REPLO  
/FOC,   1,   9.00488898087    ,   6.98285470594    ,   5.24662227943
/REPLO  
/VIEW,  1,  0.862273908562    , -0.458977664510    ,  0.214063565545
/ANG,   1,  -83.3070148209  
/REPLO  
/FOC,   1,   8.91048453213    ,   6.80030709833    ,   5.23549109231
/REPLO  
/VIEW,  1,  0.859214733513    , -0.469251568212    ,  0.203845548014
/ANG,   1,  -83.5850374428  
/REPLO  
/VIEW,  1,  0.864282233973    , -0.484049490513    ,  0.136792948545
/ANG,   1,  -85.6323689382  
/REPLO  
/VIEW,  1,  0.821793923981    , -0.532206012050    ,  0.203498175044
/ANG,   1,  -83.1824421577  
/REPLO  
/VIEW,  1,  0.606471993438    , -0.771336557159    ,  0.192955012284
/ANG,   1,  -79.1172033851  
/REPLO  
/VIEW,  1,  0.722414679336    , -0.677889795674    ,  0.136317482374
/ANG,   1,  -84.0725759494  
/REPLO  
/VIEW,  1,  0.776206666407    , -0.625966654067    ,  0.752924898065E-01
/ANG,   1,  -87.4543284796  
/REPLO  
/VIEW,  1,  0.861372038160    , -0.476722838814    ,  0.175423906094
/ANG,   1,  -84.5456236318  
/REPLO  
/VIEW,  1,  0.953637371750    , -0.290137444812    ,  0.799751606445E-01
/ANG,   1,  -87.6474655847  
/REPLO  
/VIEW,  1,  0.990908891909    , -0.133839011037    ,  0.136633473349E-01
/ANG,   1,  -88.4295645608  
/REPLO  
/VIEW,  1,  0.857835636200    , -0.510611669133    ,  0.582558547409E-01
/ANG,   1,  -87.3004892304  
/REPLO  
/VIEW,  1,  0.861666546869    , -0.480951160391    ,  0.161915852607
/ANG,   1,  -83.9181039732  
/REPLO  
/VIEW,  1,  0.813299208932    , -0.555549461750    ,  0.172942742833
/ANG,   1,  -83.2672579266  
/REPLO  
/FOC,   1,   8.44830733761    ,   6.17926619794    ,   5.41398605685
/REPLO  
/FOC,   1,   8.36632673682    ,   6.08889246907    ,   5.50920648107
/REPLO  
/FOC,   1,   8.14973512945    ,   5.79774272982    ,   5.59250400351
/REPLO  
/FOC,   1,   8.11401332903    ,   5.73432892128    ,   5.55678700794
/REPLO  
LPLOT   
LPLOT   
/REPLO  
FINISH  
! /EXIT,NOSAV   
